<?xml version="1.0" encoding="UTF-8"?>
<testng-results ignored="0" total="1" passed="1" failed="0" skipped="0">
  <reporter-output>
  </reporter-output>
  <suite started-at="2023-07-13T10:44:46 IST" name="Default suite" finished-at="2023-07-13T10:44:49 IST" duration-ms="2339">
    <groups>
    </groups>
    <test started-at="2023-07-13T10:44:46 IST" name="Default test" finished-at="2023-07-13T10:44:49 IST" duration-ms="2339">
      <class name="getRequest.getRequest">
        <test-method signature="m1()[pri:0, instance:getRequest.getRequest@1151e434]" started-at="2023-07-13T10:44:46 IST" name="m1" finished-at="2023-07-13T10:44:49 IST" duration-ms="2272" status="PASS">
          <reporter-output>
          </reporter-output>
        </test-method> <!-- m1 -->
      </class> <!-- getRequest.getRequest -->
    </test> <!-- Default test -->
  </suite> <!-- Default suite -->
</testng-results>
