<?xml version="1.0" encoding="UTF-8"?>
<testng-results ignored="0" total="1" passed="1" failed="0" skipped="0">
  <reporter-output>
  </reporter-output>
  <suite started-at="2023-07-13T10:13:08 IST" name="Default suite" finished-at="2023-07-13T10:13:14 IST" duration-ms="5939">
    <groups>
    </groups>
    <test started-at="2023-07-13T10:13:08 IST" name="Default test" finished-at="2023-07-13T10:13:14 IST" duration-ms="5939">
      <class name="restAssured.getRequest">
        <test-method signature="getrequest()[pri:0, instance:restAssured.getRequest@8317c52]" started-at="2023-07-13T10:13:08 IST" name="getrequest" finished-at="2023-07-13T10:13:14 IST" duration-ms="5852" status="PASS">
          <reporter-output>
          </reporter-output>
        </test-method> <!-- getrequest -->
      </class> <!-- restAssured.getRequest -->
    </test> <!-- Default test -->
  </suite> <!-- Default suite -->
</testng-results>
